<?xml version="1.0" encoding="UTF-8"?>
<!-- Generated by org.testng.reporters.JUnitReportReporter -->
<testsuite hostname="DESKTOP-R5D2F14" failures="0" tests="5" name="groupingTestNG.Test1" time="0.013" errors="0" timestamp="2022-06-14T00:59:53 GMT-07:00" skipped="0">
  <testcase classname="groupingTestNG.Test1" name="method5" time="0.003"/>
  <system-out>
    <![CDATA[Method5-Regression]]>
  </system-out>
  <testcase classname="groupingTestNG.Test1" name="method7" time="0.004"/>
  <system-out>
    <![CDATA[Method7-Regression]]>
  </system-out>
  <testcase classname="groupingTestNG.Test1" name="method3" time="0.002"/>
  <system-out>
    <![CDATA[Method3-Regression]]>
  </system-out>
  <testcase classname="groupingTestNG.Test1" name="method1" time="0.003"/>
  <system-out>
    <![CDATA[Method1-Regression]]>
  </system-out>
  <testcase classname="groupingTestNG.Test1" name="method9" time="0.001"/>
  <system-out>
    <![CDATA[Method9-Regression]]>
  </system-out>
</testsuite> <!-- groupingTestNG.Test1 -->
