<?xml version="1.0" encoding="UTF-8"?>
<!-- Generated by org.testng.reporters.JUnitReportReporter -->
<testsuite hostname="DESKTOP-R5D2F14" failures="0" tests="2" name="testNG.AnnotationStudy" time="0.013" errors="0" timestamp="2022-06-12T09:31:39 GMT-07:00" skipped="0">
  <testcase classname="testNG.AnnotationStudy" name="Test1" time="0.008"/>
  <system-out>
    <![CDATA[Test1 is Running ]]>
  </system-out>
  <testcase classname="testNG.AnnotationStudy" name="Test2" time="0.005"/>
  <system-out>
    <![CDATA[Test2 is Running ]]>
  </system-out>
</testsuite> <!-- testNG.AnnotationStudy -->
