<?xml version="1.0" encoding="UTF-8"?>
<!-- Generated by org.testng.reporters.JUnitReportReporter -->
<testsuite hostname="DESKTOP-R5D2F14" failures="0" tests="4" name="testNGKeywords.PriorityUse" time="0.018" errors="0" timestamp="2022-06-12T09:54:18 GMT-07:00" skipped="0">
  <testcase classname="testNGKeywords.PriorityUse" name="A" time="0.007"/>
  <system-out>
    <![CDATA[A executing]]>
  </system-out>
  <testcase classname="testNGKeywords.PriorityUse" name="B" time="0.007"/>
  <system-out>
    <![CDATA[B executing]]>
  </system-out>
  <testcase classname="testNGKeywords.PriorityUse" name="C" time="0.002"/>
  <system-out>
    <![CDATA[C executing]]>
  </system-out>
  <testcase classname="testNGKeywords.PriorityUse" name="D" time="0.002"/>
  <system-out>
    <![CDATA[D executing]]>
  </system-out>
</testsuite> <!-- testNGKeywords.PriorityUse -->
