<?xml version="1.0" encoding="UTF-8"?>
<!-- Generated by org.testng.reporters.JUnitReportReporter -->
<testsuite hostname="DESKTOP-R5D2F14" failures="0" tests="3" name="crossBrowserTest.TestClassKiteApp" time="40.861" errors="0" timestamp="2022-06-29T04:29:58 GMT-07:00" skipped="0">
  <testcase classname="crossBrowserTest.TestClassKiteApp" name="validateUserName" time="4.087"/>
  <system-out>
    <![CDATA[User names are matching TC is passed]]>
  </system-out>
  <testcase classname="crossBrowserTest.TestClassKiteApp" name="validateUserName" time="12.283"/>
  <system-out>
    <![CDATA[User names are matching TC is passed]]>
  </system-out>
  <testcase classname="crossBrowserTest.TestClassKiteApp" name="validateUserName" time="24.491"/>
  <system-out>
    <![CDATA[User names are matching TC is passed]]>
  </system-out>
</testsuite> <!-- crossBrowserTest.TestClassKiteApp -->
