<?xml version="1.0" encoding="UTF-8"?>
<!-- Generated by org.testng.reporters.JUnitReportReporter -->
<testsuite hostname="DESKTOP-R5D2F14" failures="0" tests="4" name="testNGKeywords.EnabledUse" time="0.018" errors="0" timestamp="2022-06-12T10:01:03 GMT-07:00" skipped="2">
  <testcase classname="testNGKeywords.EnabledUse" name="B" time="0.003"/>
  <system-out>
    <![CDATA[B is running--enabled true]]>
  </system-out>
  <testcase classname="testNGKeywords.EnabledUse" name="A" time="0.015"/>
  <system-out>
    <![CDATA[A is running]]>
  </system-out>
  <testcase classname="testNGKeywords.EnabledUse" name="D">
    <skipped/>
  </testcase> <!-- D -->
  <system-out/>
  <testcase classname="testNGKeywords.EnabledUse" name="C">
    <skipped/>
  </testcase> <!-- C -->
  <system-out/>
</testsuite> <!-- testNGKeywords.EnabledUse -->
