<?xml version="1.0" encoding="UTF-8"?>
<!-- Generated by org.testng.reporters.JUnitReportReporter -->
<testsuite hostname="DESKTOP-R5D2F14" failures="0" tests="5" name="groupingTestNG.Test2" time="0.031" errors="0" timestamp="2022-06-14T00:59:53 GMT-07:00" skipped="0">
  <testcase classname="groupingTestNG.Test2" name="method13" time="0.001"/>
  <system-out>
    <![CDATA[Method13-Regression]]>
  </system-out>
  <testcase classname="groupingTestNG.Test2" name="method17" time="0.007"/>
  <system-out>
    <![CDATA[Method17-Regression]]>
  </system-out>
  <testcase classname="groupingTestNG.Test2" name="method11" time="0.015"/>
  <system-out>
    <![CDATA[Method11-Regression]]>
  </system-out>
  <testcase classname="groupingTestNG.Test2" name="method15" time="0.003"/>
  <system-out>
    <![CDATA[Method15-Regression]]>
  </system-out>
  <testcase classname="groupingTestNG.Test2" name="method19" time="0.005"/>
  <system-out>
    <![CDATA[Method19-Regression]]>
  </system-out>
</testsuite> <!-- groupingTestNG.Test2 -->
