<?xml version="1.0" encoding="UTF-8"?>
<!-- Generated by org.testng.reporters.JUnitReportReporter -->
<testsuite hostname="DESKTOP-R5D2F14" failures="0" tests="5" name="testNGKeywords.MultipleKeywords1" time="1.028" errors="0" timestamp="2022-06-12T22:55:54 GMT-07:00" skipped="0">
  <testcase classname="testNGKeywords.MultipleKeywords1" name="method5" time="0.003"/>
  <system-out>
    <![CDATA[Method5 is Running]]>
  </system-out>
  <testcase classname="testNGKeywords.MultipleKeywords1" name="method4" time="0.013"/>
  <system-out>
    <![CDATA[Method4 is Running]]>
  </system-out>
  <testcase classname="testNGKeywords.MultipleKeywords1" name="method1" time="1.010"/>
  <system-out>
    <![CDATA[Method1 is Running]]>
  </system-out>
  <testcase classname="testNGKeywords.MultipleKeywords1" name="method2" time="0.001"/>
  <system-out>
    <![CDATA[Method2 is Running]]>
  </system-out>
  <testcase classname="testNGKeywords.MultipleKeywords1" name="method3" time="0.001"/>
  <system-out>
    <![CDATA[Method3 is Running]]>
  </system-out>
</testsuite> <!-- testNGKeywords.MultipleKeywords1 -->
