<?xml version="1.0" encoding="UTF-8"?>
<!-- Generated by org.testng.reporters.JUnitReportReporter -->
<testsuite hostname="DESKTOP-R5D2F14" failures="0" tests="4" name="testNGListeners.ListenerXMlLevel" time="0.020" errors="0" timestamp="2022-06-23T09:09:33 GMT-07:00" skipped="0">
  <testcase classname="testNGListeners.ListenerXMlLevel" name="Kakinada" time="0.001"/>
  <system-out>
    <![CDATA[Test is started 
Kakinada Express Running
Successfully Executed Test case are : ]]>
  </system-out>
  <testcase classname="testNGListeners.ListenerXMlLevel" name="Gitanjali" time="0.001"/>
  <system-out>
    <![CDATA[Test is started 
Gitanjali Express Running
Successfully Executed Test case are : ]]>
  </system-out>
  <testcase classname="testNGListeners.ListenerXMlLevel" name="Nandigram" time="0.004"/>
  <system-out>
    <![CDATA[Test is started 
Nandigram Express Running
Successfully Executed Test case are : ]]>
  </system-out>
  <testcase classname="testNGListeners.ListenerXMlLevel" name="Sabarmati" time="0.014"/>
  <system-out>
    <![CDATA[Test is started 
Sabarmati Express Running
Successfully Executed Test case are : ]]>
  </system-out>
</testsuite> <!-- testNGListeners.ListenerXMlLevel -->
