<?xml version="1.0" encoding="UTF-8"?>
<!-- Generated by org.testng.reporters.JUnitReportReporter -->
<testsuite hostname="DESKTOP-R5D2F14" failures="0" tests="1" name="verificationUsingTestNG.AssertEqualsANDNotEquals" time="0.023" errors="0" timestamp="2022-06-21T23:12:34 GMT-07:00" skipped="0">
  <testcase classname="verificationUsingTestNG.AssertEqualsANDNotEquals" name="Assertions" time="0.023"/>
  <system-out>
    <![CDATA[String a and b are matching TC Passed
String a and c are not same TC Passed 
String a and b are matching TC Passed
String a and c are not same TC Passed ]]>
  </system-out>
</testsuite> <!-- verificationUsingTestNG.AssertEqualsANDNotEquals -->
