<?xml version="1.0" encoding="UTF-8"?>
<!-- Generated by org.testng.reporters.JUnitReportReporter -->
<testsuite hostname="DESKTOP-R5D2F14" failures="0" tests="3" name="testNGKeywords.InvocationCountStudy" time="0.018" errors="0" timestamp="2022-06-12T09:42:42 GMT-07:00" skipped="0">
  <testcase classname="testNGKeywords.InvocationCountStudy" name="mymethod" time="0.007"/>
  <system-out>
    <![CDATA[My method is running invocation count]]>
  </system-out>
  <testcase classname="testNGKeywords.InvocationCountStudy" name="mymethod" time="0.010"/>
  <system-out>
    <![CDATA[My method is running invocation count]]>
  </system-out>
  <testcase classname="testNGKeywords.InvocationCountStudy" name="mymethod" time="0.001"/>
  <system-out>
    <![CDATA[My method is running invocation count]]>
  </system-out>
</testsuite> <!-- testNGKeywords.InvocationCountStudy -->
