<?xml version="1.0" encoding="UTF-8"?>
<!-- Generated by org.testng.reporters.JUnitReportReporter -->
<testsuite hostname="DESKTOP-R5D2F14" failures="0" tests="5" name="xmlStudy2.MyTest2" time="0.025" errors="0" timestamp="2022-06-13T00:09:31 GMT-07:00" skipped="2">
  <testcase classname="xmlStudy2.MyTest2" name="method9" time="0.007"/>
  <system-out>
    <![CDATA[Method9]]>
  </system-out>
  <testcase classname="xmlStudy2.MyTest2" name="method6" time="0.003"/>
  <system-out>
    <![CDATA[Method6]]>
  </system-out>
  <testcase classname="xmlStudy2.MyTest2" name="method10" time="0.015"/>
  <system-out>
    <![CDATA[Method10]]>
  </system-out>
  <testcase classname="xmlStudy2.MyTest2" name="method7">
    <skipped/>
  </testcase> <!-- method7 -->
  <system-out/>
  <testcase classname="xmlStudy2.MyTest2" name="method8">
    <skipped/>
  </testcase> <!-- method8 -->
  <system-out/>
</testsuite> <!-- xmlStudy2.MyTest2 -->
