<?xml version="1.0" encoding="UTF-8"?>
<!-- Generated by org.testng.reporters.JUnitReportReporter -->
<testsuite hostname="DESKTOP-R5D2F14" failures="0" tests="3" name="xmlStudy1.MyTest1" time="0.004" errors="0" timestamp="2022-06-13T00:10:34 GMT-07:00" skipped="0">
  <testcase classname="xmlStudy1.MyTest1" name="method1" time="0.001"/>
  <system-out>
    <![CDATA[Method1]]>
  </system-out>
  <testcase classname="xmlStudy1.MyTest1" name="method3" time="0.001"/>
  <system-out>
    <![CDATA[Method3]]>
  </system-out>
  <testcase classname="xmlStudy1.MyTest1" name="method5" time="0.002"/>
  <system-out>
    <![CDATA[Method5]]>
  </system-out>
</testsuite> <!-- xmlStudy1.MyTest1 -->
