<?xml version="1.0" encoding="UTF-8"?>
<!-- Generated by org.testng.reporters.JUnitReportReporter -->
<testsuite hostname="DESKTOP-R5D2F14" failures="0" tests="2" name="soft_Assert.TestClass" time="6.335" errors="0" timestamp="2022-06-16T02:29:44 GMT-07:00" skipped="0">
  <testcase classname="soft_Assert.TestClass" name="logintoKitezerodha" time="2.987"/>
  <system-out/>
  <testcase classname="soft_Assert.TestClass" name="verification" time="3.348"/>
  <system-out/>
</testsuite> <!-- soft_Assert.TestClass -->
