<?xml version="1.0" encoding="UTF-8"?>
<!-- Generated by org.testng.reporters.JUnitReportReporter -->
<testsuite hostname="DESKTOP-R5D2F14" failures="0" tests="1" name="verificationUsingTestNG.AssertNullAndNotNull" time="0.021" errors="0" timestamp="2022-06-21T23:14:17 GMT-07:00" skipped="0">
  <testcase classname="verificationUsingTestNG.AssertNullAndNotNull" name="Assertions1" time="0.021"/>
  <system-out>
    <![CDATA[a is null Tc passed
b is not null TC passed
a is null Tc passed
b is not null TC passed]]>
  </system-out>
</testsuite> <!-- verificationUsingTestNG.AssertNullAndNotNull -->
