<?xml version="1.0" encoding="UTF-8"?>
<!-- Generated by org.testng.reporters.JUnitReportReporter -->
<testsuite hostname="DESKTOP-R5D2F14" failures="0" tests="3" name="testNG.MyTestClass" time="36.695" errors="0" timestamp="2022-06-12T09:31:39 GMT-07:00" skipped="0">
  <testcase classname="testNG.MyTestClass" name="mymethod2" time="11.161"/>
  <system-out>
    <![CDATA[Mymethod2 is running]]>
  </system-out>
  <testcase classname="testNG.MyTestClass" name="mymethod1" time="15.477"/>
  <system-out/>
  <testcase classname="testNG.MyTestClass" name="mymethod3" time="10.057"/>
  <system-out>
    <![CDATA[Mymethod3 is running ]]>
  </system-out>
</testsuite> <!-- testNG.MyTestClass -->
