<?xml version="1.0" encoding="UTF-8"?>
<!-- Generated by org.testng.reporters.JUnitReportReporter -->
<testsuite hostname="DESKTOP-R5D2F14" failures="0" tests="4" name="assignment.TestClass1" time="6.982" errors="0" timestamp="2022-07-02T04:16:52 GMT-07:00" skipped="0">
  <testcase classname="assignment.TestClass1" name="LoginWithBlankData" time="0.282"/>
  <system-out>
    <![CDATA[Warning Message for username textbox is as expected
Warning Message for password textbox is as expected]]>
  </system-out>
  <testcase classname="assignment.TestClass1" name="loginwithInvalidUsername" time="1.812"/>
  <system-out>
    <![CDATA[InValid username Valid password not accepted --Warning Message displayed properly]]>
  </system-out>
  <testcase classname="assignment.TestClass1" name="loginWithInValidPassword" time="1.302"/>
  <system-out>
    <![CDATA[Valid username Invalid password not accepted --Warning Message displayed properly]]>
  </system-out>
  <testcase classname="assignment.TestClass1" name="loginWithValidCredentials" time="3.586"/>
  <system-out>
    <![CDATA[Login Successful using valid data TC Passed]]>
  </system-out>
</testsuite> <!-- assignment.TestClass1 -->
