<?xml version="1.0" encoding="UTF-8"?>
<!-- Generated by org.testng.reporters.JUnitReportReporter -->
<testsuite hostname="DESKTOP-R5D2F14" failures="0" tests="1" name="verificationUsingTestNG.AssertTrueAndFalse" time="0.020" errors="0" timestamp="2022-06-21T23:20:22 GMT-07:00" skipped="0">
  <testcase classname="verificationUsingTestNG.AssertTrueAndFalse" name="Assertions2" time="0.020"/>
  <system-out>
    <![CDATA[a is true TC passed
b is false TC passed
a is true TC passed
b is false TC passed]]>
  </system-out>
</testsuite> <!-- verificationUsingTestNG.AssertTrueAndFalse -->
