<?xml version="1.0" encoding="UTF-8"?>
<!-- Generated by org.testng.reporters.JUnitReportReporter -->
<testsuite hostname="DESKTOP-R5D2F14" failures="0" tests="2" name="xmlStudy2.MyTest1" time="0.004" errors="0" timestamp="2022-06-13T00:10:34 GMT-07:00" skipped="0">
  <testcase classname="xmlStudy2.MyTest1" name="method1" time="0.002"/>
  <system-out>
    <![CDATA[Method1]]>
  </system-out>
  <testcase classname="xmlStudy2.MyTest1" name="method2" time="0.002"/>
  <system-out>
    <![CDATA[Method2]]>
  </system-out>
</testsuite> <!-- xmlStudy2.MyTest1 -->
