<?xml version="1.0" encoding="UTF-8"?>
<!-- Generated by org.testng.reporters.JUnitReportReporter -->
<testsuite hostname="DESKTOP-R5D2F14" failures="0" tests="4" name="testNGListeners.ListenerXMLLevel2" time="0.017" errors="0" timestamp="2022-06-23T09:09:33 GMT-07:00" skipped="0">
  <testcase classname="testNGListeners.ListenerXMLLevel2" name="Gujrat" time="0.002"/>
  <system-out>
    <![CDATA[Test is started 
Gujrat Express Running
Successfully Executed Test case are : ]]>
  </system-out>
  <testcase classname="testNGListeners.ListenerXMLLevel2" name="Rajasthan" time="0.002"/>
  <system-out>
    <![CDATA[Test is started 
Rajasthan Express Running
Successfully Executed Test case are : ]]>
  </system-out>
  <testcase classname="testNGListeners.ListenerXMLLevel2" name="Assam" time="0.011"/>
  <system-out>
    <![CDATA[Test is started 
Assam express Running 
Successfully Executed Test case are : ]]>
  </system-out>
  <testcase classname="testNGListeners.ListenerXMLLevel2" name="Maharashtra" time="0.002"/>
  <system-out>
    <![CDATA[Test is started 
Maharashtra Express Running 
Successfully Executed Test case are : ]]>
  </system-out>
</testsuite> <!-- testNGListeners.ListenerXMLLevel2 -->
