<?xml version="1.0" encoding="UTF-8"?>
<!-- Generated by org.testng.reporters.JUnitReportReporter -->
<testsuite hostname="DESKTOP-R5D2F14" failures="0" tests="1" name="kiteAppTestClasses.UserValidation" time="7.862" errors="0" timestamp="2022-06-20T19:07:13 GMT-07:00" skipped="0">
  <testcase classname="kiteAppTestClasses.UserValidation" name="Validateuser" time="7.862"/>
  <system-out>
    <![CDATA[Actual and expected user matching TC passed]]>
  </system-out>
</testsuite> <!-- kiteAppTestClasses.UserValidation -->
