<?xml version="1.0" encoding="UTF-8"?>
<!-- Generated by org.testng.reporters.JUnitReportReporter -->
<testsuite hostname="DESKTOP-R5D2F14" failures="0" tests="1" name="assignmentcommoncode.VctcTestClass" time="0.793" errors="0" timestamp="2022-06-22T22:58:30 GMT-07:00" skipped="0">
  <testcase classname="assignmentcommoncode.VctcTestClass" name="screenshotAndScroll" time="0.793"/>
  <system-out/>
</testsuite> <!-- assignmentcommoncode.VctcTestClass -->
