<?xml version="1.0" encoding="UTF-8"?>
<!-- Generated by org.testng.reporters.JUnitReportReporter -->
<testsuite hostname="DESKTOP-R5D2F14" failures="0" tests="1" name="verificationAssert.Assert_Verification" time="63.952" errors="0" timestamp="2022-06-14T23:39:43 GMT-07:00" skipped="0">
  <testcase classname="verificationAssert.Assert_Verification" name="validate" time="63.952"/>
  <system-out>
    <![CDATA[Actual Text is matching TC passed
Actual text is Not equal to another text
Radion button not already selected TC Passed
Radio button selected after click TC passed
Arraylist contains null Tc passed
Message was successfully typed in text box TC passed]]>
  </system-out>
</testsuite> <!-- verificationAssert.Assert_Verification -->
