<?xml version="1.0" encoding="UTF-8"?>
<!-- Generated by org.testng.reporters.JUnitReportReporter -->
<testsuite hostname="DESKTOP-R5D2F14" failures="0" tests="2" name="xmlStudy1.MyTest2" time="0.014" errors="0" timestamp="2022-06-13T00:10:34 GMT-07:00" skipped="0">
  <testcase classname="xmlStudy1.MyTest2" name="method10" time="0.011"/>
  <system-out>
    <![CDATA[Method10]]>
  </system-out>
  <testcase classname="xmlStudy1.MyTest2" name="method7" time="0.003"/>
  <system-out>
    <![CDATA[Method7]]>
  </system-out>
</testsuite> <!-- xmlStudy1.MyTest2 -->
